Starting Dynare (version 5.1).
Calling Dynare with arguments: none
Starting preprocessing of the model file ...
Found 6 equation(s).
Evaluating expressions...done
Computing static model derivatives (order 1).
Computing dynamic model derivatives (order 1).
Processing outputs ...
done
Preprocessing completed.


STEADY-STATE RESULTS:

yy   		 0
dp   		 0
nomr 		 0
gshk 		 0
zshk 		 0
rshk 		 0

EIGENVALUES:
         Modulus             Real        Imaginary

          0.3747           0.3747                0
            0.91             0.91                0
            0.99             0.99                0
           1.252            1.252                0
           1.621            1.621                0


There are 2 eigenvalue(s) larger than 1 in modulus 
for 2 forward-looking variable(s)

The rank condition is verified.


MODEL SUMMARY

  Number of variables:         6
  Number of stochastic shocks: 3
  Number of state variables:   3
  Number of jumpers:           2
  Number of static variables:  1


MATRIX OF COVARIANCE OF EXOGENOUS SHOCKS
Variables     errgshk   errzshk   errrshk
errgshk      0.396900  0.000000  0.000000
errzshk      0.000000  0.036100  0.000000
errrshk      0.000000  0.000000  0.044100

POLICY AND TRANSITION FUNCTIONS
                                  yy              dp            nomr            rshk
nomr(-1)                   -0.456837       -0.722930        0.374704               0
gshk(-1)                    0.990000               0               0               0
zshk(-1)                    0.641196        1.372214        0.706397               0
errgshk                     1.000000               0               0               0
errzshk                     0.704611        1.507927        0.776261               0
errrshk                    -0.601102       -0.951224        0.493031        1.000000


MOMENTS OF SIMULATED VARIABLES
VARIABLE              MEAN       STD. DEV.        VARIANCE        SKEWNESS        KURTOSIS
yy               -1.007167        4.288901       18.394669        0.008564       -0.707699
dp                0.039402        0.426414        0.181829        0.126438       -0.052422
nomr              0.092759        0.571504        0.326617        0.290944        0.157650
rshk              0.003450        0.205293        0.042145       -0.010444        0.369313


CORRELATION OF SIMULATED VARIABLES
VARIABLE         yy       dp     nomr     rshk
yy           1.0000   0.2018   0.2163  -0.0564
dp           0.2018   1.0000   0.6216  -0.4252
nomr         0.2163   0.6216   1.0000   0.1718
rshk        -0.0564  -0.4252   0.1718   1.0000


AUTOCORRELATION OF SIMULATED VARIABLES
VARIABLE          1        2        3        4        5
yy           0.9864   0.9741   0.9617   0.9491   0.9362
dp           0.5853   0.4291   0.3501   0.3071   0.2555
nomr         0.9369   0.8687   0.7926   0.7190   0.6468
rshk        -0.0202   0.0315  -0.0137   0.0106  -0.0506



VARIANCE DECOMPOSITION SIMULATING ONE SHOCK AT A TIME (in percent)
                 errgshk           errzshk           errrshk  Tot. lin. contr.
yy                 99.02              0.12              0.10             99.24
dp                  0.00             81.04             24.24            105.28
nomr                0.00             96.22              3.62             99.84
rshk                0.00              0.00            100.11            100.11
Note: numbers do not add up to 100 due to non-zero correlation of simulated shocks in small samples

