 
STEADY-STATE RESULTS:
 
yy     		 0
dp     		 0
nomr   		 0
gshk   		 0
zshk   		 0
rshk   		 0
dy_obs 		 0.62
pi_obs 		 3.42
r_obs  		 6.23
 
EIGENVALUES:
         Modulus             Real        Imaginary

               0                0                0
          0.3747           0.3747                0
            0.91             0.91                0
            0.99             0.99                0
           1.252            1.252                0
           1.621            1.621                0


There are 2 eigenvalue(s) larger than 1 in modulus 
for 2 forward-looking variable(s)
 
The rank condition is verified.
 
 
MODEL SUMMARY
 
  Number of variables:         9
  Number of stochastic shocks: 3
  Number of state variables:   4
  Number of jumpers:           2
  Number of static variables:  4


MATRIX OF COVARIANCE OF EXOGENOUS SHOCKS

Variables    errgshk   errzshk   errrshk 
errgshk      0.396900  0.000000  0.000000
errzshk      0.000000  0.036100  0.000000
errrshk      0.000000  0.000000  0.044100
 
POLICY AND TRANSITION FUNCTIONS
                                  yy              dp              nomr            rshk  
nomr(-1)                   -0.456837       -0.722930        0.374704               0
gshk(-1)                    0.990000               0               0               0
zshk(-1)                    0.641196        1.372214        0.706397               0
errgshk                     1.000000               0               0               0
errzshk                     0.704611        1.507927        0.776261               0
errrshk                    -0.601102       -0.951224        0.493031        1.000000


MOMENTS OF SIMULATED VARIABLES

VARIABLE      MEAN    STD. DEV.   VARIANCE   SKEWNESS   KURTOSIS 
yy          -3.103457   3.948966  15.594331   0.024624   0.121840
dp           0.028003   0.460092   0.211684  -0.039275  -0.197687
nomr         0.071245   0.632833   0.400478   0.073783  -0.015468
rshk         0.004642   0.209744   0.043993   0.044470   0.107977


CORRELATION OF SIMULATED VARIABLES

VARIABLE     yy      dp     nomr    rshk  
yy          1.0000  0.0193 -0.0466 -0.0188
dp          0.0193  1.0000  0.6752 -0.4269
nomr       -0.0466  0.6752  1.0000  0.1212
rshk       -0.0188 -0.4269  0.1212  1.0000


AUTOCORRELATION OF SIMULATED VARIABLES

VARIABLE      1       2       3       4       5   
yy          0.9852  0.9715  0.9574  0.9446  0.9325
dp          0.6545  0.4869  0.3852  0.3464  0.3313
nomr        0.9467  0.8868  0.8303  0.7718  0.7206
rshk       -0.0324 -0.0533  0.0282  0.0226  0.0209
 
You did not declare endogenous variables after the estimation/calib_smoother command.
Smoothed variables will be computed for the 9 endogenous variables
of your model, this can be very long....
 
 
Choose one of the following options:
 
 [1] Consider all the endogenous variables.
 [2] Consider all the observed endogenous variables.
 [3] Stop Dynare and change the mod file.
 
options [default is 1] =  
Loading 80 observations from us.mat

Initial value of the log posterior (or likelihood): -287.8133
Total computing time : 0h00m12s
